Using pre-set license
Built from '2021.3/staging' branch; Version is '2021.3.7f1 (24e8595d6d43) revision 2418777'; Using compiler version '192829333'; Build Type 'Release'
OS: 'Windows 10  (10.0.19043) 64bit Professional' Language: 'ru' Physical Memory: 16332 MB
BatchMode: 1, IsHumanControllingUs: 0, StartBugReporterOnCrash: 0, Is64bit: 1, IsPro: 1

COMMAND LINE ARGUMENTS:
D:\Unity Versions\2021.3.7f1\Editor\Unity.exe
-adb2
-batchMode
-noUpm
-name
AssetImportWorker2
-projectPath
D:/More_Islands/More_Islands
-logFile
Logs/AssetImportWorker2.log
-srvPort
58798
Successfully changed project path to: D:/More_Islands/More_Islands
D:/More_Islands/More_Islands
[UnityMemory] Configuration Parameters - Can be set up in boot.config
    "memorysetup-bucket-allocator-granularity=16"
    "memorysetup-bucket-allocator-bucket-count=8"
    "memorysetup-bucket-allocator-block-size=33554432"
    "memorysetup-bucket-allocator-block-count=8"
    "memorysetup-main-allocator-block-size=16777216"
    "memorysetup-thread-allocator-block-size=16777216"
    "memorysetup-gfx-main-allocator-block-size=16777216"
    "memorysetup-gfx-thread-allocator-block-size=16777216"
    "memorysetup-cache-allocator-block-size=4194304"
    "memorysetup-typetree-allocator-block-size=2097152"
    "memorysetup-profiler-bucket-allocator-granularity=16"
    "memorysetup-profiler-bucket-allocator-bucket-count=8"
    "memorysetup-profiler-bucket-allocator-block-size=33554432"
    "memorysetup-profiler-bucket-allocator-block-count=8"
    "memorysetup-profiler-allocator-block-size=16777216"
    "memorysetup-profiler-editor-allocator-block-size=1048576"
    "memorysetup-temp-allocator-size-main=16777216"
    "memorysetup-job-temp-allocator-block-size=2097152"
    "memorysetup-job-temp-allocator-block-size-background=1048576"
    "memorysetup-job-temp-allocator-reduction-small-platforms=262144"
    "memorysetup-temp-allocator-size-background-worker=32768"
    "memorysetup-temp-allocator-size-job-worker=262144"
    "memorysetup-temp-allocator-size-preload-manager=33554432"
    "memorysetup-temp-allocator-size-nav-mesh-worker=65536"
    "memorysetup-temp-allocator-size-audio-worker=65536"
    "memorysetup-temp-allocator-size-cloud-worker=32768"
    "memorysetup-temp-allocator-size-gi-baking-worker=262144"
    "memorysetup-temp-allocator-size-gfx=262144"
Refreshing native plugins compatible for Editor in 129.38 ms, found 3 plugins.
Preloading 0 native plugins for Editor in 0.00 ms.
Initialize engine version: 2021.3.7f1 (24e8595d6d43)
[Subsystems] Discovering subsystems at path D:/Unity Versions/2021.3.7f1/Editor/Data/Resources/UnitySubsystems
[Subsystems] Discovering subsystems at path D:/More_Islands/More_Islands/Assets
GfxDevice: creating device client; threaded=0; jobified=0
Direct3D:
    Version:  Direct3D 11.0 [level 11.1]
    Renderer: NVIDIA GeForce GTX 1060 6GB (ID=0x1c03)
    Vendor:   NVIDIA
    VRAM:     6052 MB
    Driver:   30.0.14.9729
Initialize mono
Mono path[0] = 'D:/Unity Versions/2021.3.7f1/Editor/Data/Managed'
Mono path[1] = 'D:/Unity Versions/2021.3.7f1/Editor/Data/MonoBleedingEdge/lib/mono/unityjit-win32'
Mono config path = 'D:/Unity Versions/2021.3.7f1/Editor/Data/MonoBleedingEdge/etc'
Using monoOptions --debugger-agent=transport=dt_socket,embedding=1,server=y,suspend=n,address=127.0.0.1:56816
Begin MonoManager ReloadAssembly
Registering precompiled unity dll's ...
Register platform support module: D:/Unity Versions/2021.3.7f1/Editor/Data/PlaybackEngines/WebGLSupport/UnityEditor.WebGL.Extensions.dll
Register platform support module: D:/Unity Versions/2021.3.7f1/Editor/Data/PlaybackEngines/AndroidPlayer/UnityEditor.Android.Extensions.dll
Register platform support module: D:/Unity Versions/2021.3.7f1/Editor/Data/PlaybackEngines/WindowsStandaloneSupport/UnityEditor.WindowsStandalone.Extensions.dll
Register platform support module: D:/Unity Versions/2021.3.7f1/Editor/Data/PlaybackEngines/MetroSupport/UnityEditor.UWP.Extensions.dll
Registered in 0.005029 seconds.
Native extension for UWP target not found
Native extension for WindowsStandalone target not found
Native extension for Android target not found
Native extension for WebGL target not found
Refreshing native plugins compatible for Editor in 142.14 ms, found 3 plugins.
Preloading 0 native plugins for Editor in 0.00 ms.
Mono: successfully reloaded assembly
- Completed reload, in  0.882 seconds
Domain Reload Profiling:
	ReloadAssembly (882ms)
		BeginReloadAssembly (88ms)
			ExecutionOrderSort (0ms)
			DisableScriptedObjects (0ms)
			BackupInstance (0ms)
			ReleaseScriptingObjects (0ms)
			CreateAndSetChildDomain (1ms)
		EndReloadAssembly (657ms)
			LoadAssemblies (88ms)
			RebuildTransferFunctionScriptingTraits (0ms)
			SetupTypeCache (147ms)
			ReleaseScriptCaches (0ms)
			RebuildScriptCaches (34ms)
			SetupLoadedEditorAssemblies (411ms)
				LogAssemblyErrors (0ms)
				InitializePlatformSupportModulesInManaged (71ms)
				SetLoadedEditorAssemblies (0ms)
				RefreshPlugins (142ms)
				BeforeProcessingInitializeOnLoad (2ms)
				ProcessInitializeOnLoadAttributes (134ms)
				ProcessInitializeOnLoadMethodAttributes (62ms)
				AfterProcessingInitializeOnLoad (0ms)
				EditorAssembliesLoaded (0ms)
			ExecutionOrderSort2 (0ms)
			AwakeInstancesAfterBackupRestoration (0ms)
Platform modules already initialized, skipping
Registering precompiled user dll's ...
Registered in 0.007339 seconds.
Begin MonoManager ReloadAssembly
Symbol file LoadedFromMemory doesn't match image D:\More_Islands\More_Islands\Library\PackageCache\com.unity.visualscripting@1.7.8\Editor\VisualScripting.Core\Dependencies\YamlDotNet\Unity.VisualScripting.YamlDotNet.dll
Symbol file LoadedFromMemory doesn't match image D:\More_Islands\More_Islands\Library\PackageCache\com.unity.visualscripting@1.7.8\Editor\VisualScripting.Core\Dependencies\DotNetZip\Unity.VisualScripting.IonicZip.dll
Native extension for UWP target not found
Native extension for WindowsStandalone target not found
Native extension for Android target not found
Native extension for WebGL target not found
Refreshing native plugins compatible for Editor in 145.47 ms, found 3 plugins.
Preloading 0 native plugins for Editor in 0.00 ms.
Mono: successfully reloaded assembly
- Completed reload, in  1.941 seconds
Domain Reload Profiling:
	ReloadAssembly (1942ms)
		BeginReloadAssembly (257ms)
			ExecutionOrderSort (0ms)
			DisableScriptedObjects (8ms)
			BackupInstance (0ms)
			ReleaseScriptingObjects (0ms)
			CreateAndSetChildDomain (141ms)
		EndReloadAssembly (1525ms)
			LoadAssemblies (122ms)
			RebuildTransferFunctionScriptingTraits (0ms)
			SetupTypeCache (472ms)
			ReleaseScriptCaches (2ms)
			RebuildScriptCaches (85ms)
			SetupLoadedEditorAssemblies (781ms)
				LogAssemblyErrors (0ms)
				InitializePlatformSupportModulesInManaged (18ms)
				SetLoadedEditorAssemblies (0ms)
				RefreshPlugins (146ms)
				BeforeProcessingInitializeOnLoad (125ms)
				ProcessInitializeOnLoadAttributes (452ms)
				ProcessInitializeOnLoadMethodAttributes (34ms)
				AfterProcessingInitializeOnLoad (5ms)
				EditorAssembliesLoaded (0ms)
			ExecutionOrderSort2 (0ms)
			AwakeInstancesAfterBackupRestoration (9ms)
Platform modules already initialized, skipping
========================================================================
Worker process is ready to serve import requests
Launched and connected shader compiler UnityShaderCompiler.exe after 0.07 seconds
Refreshing native plugins compatible for Editor in 1.67 ms, found 3 plugins.
Preloading 0 native plugins for Editor in 0.00 ms.
Unloading 4468 Unused Serialized files (Serialized files now loaded: 0)
Unloading 49 unused Assets / (182.1 KB). Loaded Objects now: 4924.
Memory consumption went from 152.7 MB to 152.6 MB.
Total: 4.235100 ms (FindLiveObjects: 0.401300 ms CreateObjectMapping: 0.129600 ms MarkObjects: 3.553000 ms  DeleteObjects: 0.149700 ms)

AssetImportParameters requested are different than current active one (requested -> active):
  custom:video-decoder-ogg-theora: a1e56fd34408186e4bbccfd4996cb3dc -> 
  custom:container-muxer-webm: aa71ff27fc2769a1b78a27578f13a17b -> 
  custom:container-demuxer-webm: 4f35f7cbe854078d1ac9338744f61a02 -> 
  custom:video-encoder-webm-vp8: eb34c28f22e8b96e1ab97ce403110664 -> 
  custom:video-codec-MediaFoundation-h265: e54d7ab0439102e2317fc1e4b246158d -> 
  custom:audio-encoder-webm-vorbis: bf7c407c2cedff20999df2af8eb42d56 -> 
  custom:framework-win-MediaFoundation: 216162199b28c13a410421893ffa2e32 -> 
  custom:container-demuxer-ogg: 62fdf1f143b41e24485cea50d1cbac27 -> 
  custom:video-decoder-webm-vp8: 9c59270c3fd7afecdb556c50c9e8de78 -> 
  custom:audio-decoder-ogg-vorbis: bf7c407c2cedff20999df2af8eb42d56 -> 
========================================================================
Received Import Request.
  Time since last request: 4234.563285 seconds.
  path: Assets/Animations/player
  artifactKey: Guid(69e354d8889c48e4b80e44ebdd61d222) Importer(815301076,1909f56bfc062723c751e8b465ee728b)
Start importing Assets/Animations/player using Guid(69e354d8889c48e4b80e44ebdd61d222) Importer(815301076,1909f56bfc062723c751e8b465ee728b)  -> (artifact id: 'f8556538c93abb62cecc45407d829619') in 0.014341 seconds 
========================================================================
Received Import Request.
  Time since last request: 0.000031 seconds.
  path: Assets/Animations/player/run left turn.fbx
  artifactKey: Guid(b7be65f8625392142934fb4f5eaf8926) Importer(815301076,1909f56bfc062723c751e8b465ee728b)
Start importing Assets/Animations/player/run left turn.fbx using Guid(b7be65f8625392142934fb4f5eaf8926) Importer(815301076,1909f56bfc062723c751e8b465ee728b)  -> (artifact id: '08bfd27d313e7cce515fc1f1132bfdc8') in 0.320538 seconds 
========================================================================
Received Import Request.
  Time since last request: 0.000029 seconds.
  path: Assets/Animations/player/sword slash.fbx
  artifactKey: Guid(fdcf6c32792ba5b4593d635c1d800030) Importer(815301076,1909f56bfc062723c751e8b465ee728b)
Start importing Assets/Animations/player/sword slash.fbx using Guid(fdcf6c32792ba5b4593d635c1d800030) Importer(815301076,1909f56bfc062723c751e8b465ee728b)  -> (artifact id: '3ef5d5a78b610488d0cfff4b0ae7ed72') in 0.078755 seconds 
========================================================================
Received Import Request.
  Time since last request: 0.000050 seconds.
  path: Assets/Animations/player/run back left turn.fbx
  artifactKey: Guid(0b33a214982040d47ba0ffa3ccfdee07) Importer(815301076,1909f56bfc062723c751e8b465ee728b)
Start importing Assets/Animations/player/run back left turn.fbx using Guid(0b33a214982040d47ba0ffa3ccfdee07) Importer(815301076,1909f56bfc062723c751e8b465ee728b)  -> (artifact id: 'ddf71d718b8aed20320b5eccbc87ab07') in 0.069045 seconds 
========================================================================
Received Import Request.
  Time since last request: 1.307157 seconds.
  path: Assets/Animations/enemy
  artifactKey: Guid(f4435f08d40a5804a8d247921973ee5f) Importer(815301076,1909f56bfc062723c751e8b465ee728b)
Start importing Assets/Animations/enemy using Guid(f4435f08d40a5804a8d247921973ee5f) Importer(815301076,1909f56bfc062723c751e8b465ee728b)  -> (artifact id: '39217d6a9277241cbc53b4f45df3a4a5') in 0.009778 seconds 
========================================================================
Received Import Request.
  Time since last request: 0.036691 seconds.
  path: Assets/Animations/enemy/enemy dying.fbx
  artifactKey: Guid(3263e8d14ce2d9640aca69e8ad613f9c) Importer(815301076,1909f56bfc062723c751e8b465ee728b)
Start importing Assets/Animations/enemy/enemy dying.fbx using Guid(3263e8d14ce2d9640aca69e8ad613f9c) Importer(815301076,1909f56bfc062723c751e8b465ee728b)  -> (artifact id: '920a15d5fe6ffb326993d3a251fd420a') in 0.061953 seconds 
========================================================================
Received Import Request.
  Time since last request: 10.973942 seconds.
  path: Assets/Animations/enemy/skelet
  artifactKey: Guid(ce8cb8c049180a148afe80a8b5343744) Importer(815301076,1909f56bfc062723c751e8b465ee728b)
Start importing Assets/Animations/enemy/skelet using Guid(ce8cb8c049180a148afe80a8b5343744) Importer(815301076,1909f56bfc062723c751e8b465ee728b)  -> (artifact id: '0c97727a0d8b4a3caf9ee327463457e2') in 0.006346 seconds 
========================================================================
Received Import Request.
  Time since last request: 0.053205 seconds.
  path: Assets/Animations/enemy/skelet/enemy idle(skeleton).fbx
  artifactKey: Guid(d567c79b872d80948a6272d406193667) Importer(815301076,1909f56bfc062723c751e8b465ee728b)
Start importing Assets/Animations/enemy/skelet/enemy idle(skeleton).fbx using Guid(d567c79b872d80948a6272d406193667) Importer(815301076,1909f56bfc062723c751e8b465ee728b)  -> (artifact id: '2ba67335c880d89970e660546d839509') in 0.072346 seconds 
========================================================================
Received Import Request.
  Time since last request: 16.919635 seconds.
  path: Assets/Animations/enemy/magic
  artifactKey: Guid(d65da4030282abb40be296889564871f) Importer(815301076,1909f56bfc062723c751e8b465ee728b)
Start importing Assets/Animations/enemy/magic using Guid(d65da4030282abb40be296889564871f) Importer(815301076,1909f56bfc062723c751e8b465ee728b)  -> (artifact id: 'df7bdf425fedf89e746b1e323d4b57eb') in 0.006025 seconds 
========================================================================
Received Import Request.
  Time since last request: 0.058233 seconds.
  path: Assets/Animations/enemy/magic/enemy attack(megic).fbx
  artifactKey: Guid(9db9883a6e786d548b34c0cc35591be8) Importer(815301076,1909f56bfc062723c751e8b465ee728b)
Start importing Assets/Animations/enemy/magic/enemy attack(megic).fbx using Guid(9db9883a6e786d548b34c0cc35591be8) Importer(815301076,1909f56bfc062723c751e8b465ee728b)  -> (artifact id: '710024415600eb6558b27ffe81e5be4b') in 0.072933 seconds 
========================================================================
Received Import Request.
  Time since last request: 46.823252 seconds.
  path: Assets/Animations/enemy/enemy pirate
  artifactKey: Guid(f99b9be1ad987754fa9893124e02af12) Importer(815301076,1909f56bfc062723c751e8b465ee728b)
Start importing Assets/Animations/enemy/enemy pirate using Guid(f99b9be1ad987754fa9893124e02af12) Importer(815301076,1909f56bfc062723c751e8b465ee728b)  -> (artifact id: '2ec0dc89c70e92d84ecb78b746fec4cd') in 0.020298 seconds 
========================================================================
Received Import Request.
  Time since last request: 0.074327 seconds.
  path: Assets/Animations/enemy/enemy pirate/enemy neutral idle.fbx
  artifactKey: Guid(4751d369579a28d4fb3692540aa4af1f) Importer(815301076,1909f56bfc062723c751e8b465ee728b)
Start importing Assets/Animations/enemy/enemy pirate/enemy neutral idle.fbx using Guid(4751d369579a28d4fb3692540aa4af1f) Importer(815301076,1909f56bfc062723c751e8b465ee728b)  -> (artifact id: '4c17ac55222e53abeff4271378a70507') in 0.073340 seconds 
Editor requested this worker to shutdown with reason: Scaling down because of idle timeout
AssetImportWorker is now disconnected from the server
Process exiting
Exiting without the bug reporter. Application will terminate with return code 0